<?xml version="1.0" encoding="UTF-8"?>
<testng-results ignored="0" total="1" passed="1" failed="0" skipped="0">
  <reporter-output>
  </reporter-output>
  <suite started-at="2024-03-22T15:27:03 IST" name="Surefire suite" finished-at="2024-03-22T15:27:12 IST" duration-ms="9084">
    <groups>
    </groups>
    <test started-at="2024-03-22T15:27:03 IST" name="Surefire test" finished-at="2024-03-22T15:27:12 IST" duration-ms="9084">
      <class name="com.exampleday9.AppTest">
        <test-method is-config="true" signature="beforeClass()[pri:0, instance:com.exampleday9.AppTest@27c86f2d]" started-at="2024-03-22T15:27:03 IST" name="beforeClass" finished-at="2024-03-22T15:27:03 IST" duration-ms="210" status="PASS">
          <reporter-output>
          </reporter-output>
        </test-method> <!-- beforeClass -->
        <test-method signature="testMethod()[pri:0, instance:com.exampleday9.AppTest@27c86f2d]" started-at="2024-03-22T15:27:03 IST" name="testMethod" finished-at="2024-03-22T15:27:11 IST" duration-ms="8180" status="PASS">
          <reporter-output>
          </reporter-output>
        </test-method> <!-- testMethod -->
        <test-method is-config="true" signature="endTest()[pri:0, instance:com.exampleday9.AppTest@27c86f2d]" started-at="2024-03-22T15:27:11 IST" name="endTest" finished-at="2024-03-22T15:27:12 IST" duration-ms="633" status="PASS">
          <reporter-output>
          </reporter-output>
        </test-method> <!-- endTest -->
      </class> <!-- com.exampleday9.AppTest -->
    </test> <!-- Surefire test -->
  </suite> <!-- Surefire suite -->
</testng-results>
